00000001	20150325:07:03:28	INFO	Rank 0 node starts....
00000002	20150325:07:03:28	INFO	Program result:  Mean: nan Variance: nan
00000003	20150325:07:03:28	INFO	Rank 0 node ends....
00000004	20150325:07:03:28	INFO	Rank 0 takes 0.163 s to run.

00000001	20150325:07:03:58	INFO	Rank 0 node starts....
00000002	20150325:07:03:58	INFO	Program result:  Mean: nan Variance: nan
00000003	20150325:07:03:58	INFO	Rank 0 node ends....
00000004	20150325:07:03:58	INFO	Rank 0 takes 0.163 s to run.

00000001	20150325:07:04:01	INFO	Rank 0 node starts....
00000002	20150325:07:04:01	INFO	Program result:  Mean: nan Variance: nan
00000003	20150325:07:04:01	INFO	Rank 0 node ends....
00000004	20150325:07:04:01	INFO	Rank 0 takes 0.163 s to run.

00000001	20150325:07:05:44	INFO	Rank 1 node starts....
00000001	20150325:07:05:44	INFO	Rank 0 node starts....
00000001	20150325:07:05:44	INFO	Rank 2 node starts....
00000001	20150325:07:05:44	INFO	Rank 5 node starts....
00000001	20150325:07:05:44	INFO	Rank 4 node starts....
00000001	20150325:07:05:44	INFO	Rank 3 node starts....
00000002	20150325:07:06:05	INFO	Rank 5 node ends....
00000003	20150325:07:06:05	INFO	Rank 5 takes 20.605779 s to run.

00000002	20150325:07:06:05	INFO	Rank 1 node ends....
00000003	20150325:07:06:05	INFO	Rank 1 takes 20.615575 s to run.

00000002	20150325:07:06:05	INFO	Rank 2 node ends....
00000003	20150325:07:06:05	INFO	Rank 2 takes 20.616189 s to run.

00000002	20150325:07:06:05	INFO	Rank 3 node ends....
00000003	20150325:07:06:05	INFO	Rank 3 takes 20.607919 s to run.

00000002	20150325:07:06:05	INFO	Rank 4 node ends....
00000002	20150325:07:06:05	INFO	Program result:  Mean: 7.04009 Variance: 0.000385968
00000003	20150325:07:06:05	INFO	Rank 4 takes 20.642780 s to run.

00000003	20150325:07:06:05	INFO	Rank 0 node ends....
00000004	20150325:07:06:05	INFO	Rank 0 takes 20.644079 s to run.

00000001	20150325:07:33:41	INFO	Rank 0 node starts....
00000001	20150325:07:33:41	INFO	Rank 2 node starts....
00000001	20150325:07:33:41	INFO	Rank 3 node starts....
00000001	20150325:07:33:41	INFO	Rank 4 node starts....
00000001	20150325:07:33:41	INFO	Rank 5 node starts....
00000001	20150325:07:33:41	INFO	Rank 1 node starts....
00000002	20150325:07:33:42	INFO	Rank 3 node ends....
00000003	20150325:07:33:42	INFO	Rank 3 takes 0.144943 s to run.

00000002	20150325:07:33:42	INFO	Rank 5 node ends....
00000003	20150325:07:33:42	INFO	Rank 5 takes 0.147448 s to run.

00000002	20150325:07:33:42	INFO	Rank 4 node ends....
00000003	20150325:07:33:42	INFO	Rank 4 takes 0.148215 s to run.

00000002	20150325:07:33:42	INFO	Rank 1 node ends....
00000003	20150325:07:33:42	INFO	Rank 1 takes 0.145968 s to run.

00000002	20150325:07:33:42	INFO	Rank 2 node ends....
00000003	20150325:07:33:42	INFO	Rank 2 takes 0.164567 s to run.

00000002	20150325:07:33:42	INFO	Program result:  Mean: 7.1 Variance: -2.35758e-11
00000003	20150325:07:33:42	INFO	Rank 0 node ends....
00000004	20150325:07:33:42	INFO	Rank 0 takes 0.164877 s to run.

00000001	20150325:07:58:08	INFO	Rank 2 node starts....
00000001	20150325:07:58:08	INFO	Rank 0 node starts....
00000001	20150325:07:58:08	INFO	Rank 4 node starts....
00000001	20150325:07:58:08	INFO	Rank 1 node starts....
00000001	20150325:07:58:08	INFO	Rank 5 node starts....
00000001	20150325:07:58:08	INFO	Rank 3 node starts....
00000002	20150325:07:58:08	DIAG	Number %d node, time elapsed: %ld.%06ld
1 0.145618 

00000003	20150325:07:58:08	INFO	Rank 1 node ends....
00000004	20150325:07:58:08	INFO	Rank 1 takes 0.145618 s to run.

00000002	20150325:07:58:08	DIAG	Number %d node, time elapsed: %ld.%06ld
5 0.146885 

00000003	20150325:07:58:08	INFO	Rank 5 node ends....
00000004	20150325:07:58:08	INFO	Rank 5 takes 0.146885 s to run.

00000002	20150325:07:58:08	DIAG	Number %d node, time elapsed: %ld.%06ld
4 0.149498 

00000003	20150325:07:58:08	INFO	Rank 4 node ends....
00000004	20150325:07:58:08	INFO	Rank 4 takes 0.149498 s to run.

00000002	20150325:07:58:08	DIAG	Number %d node, time elapsed: %ld.%06ld
2 0.150777 

00000003	20150325:07:58:08	INFO	Rank 2 node ends....
00000004	20150325:07:58:08	INFO	Rank 2 takes 0.150777 s to run.

00000002	20150325:07:58:08	DIAG	Number %d node, time elapsed: %ld.%06ld
3 0.145928 

00000003	20150325:07:58:08	INFO	Rank 3 node ends....
00000004	20150325:07:58:08	INFO	Rank 3 takes 0.145928 s to run.

00000002	20150325:07:58:08	INFO	Program result:  Mean: 7.1 Variance: -2.35758e-11
00000003	20150325:07:58:08	DIAG	Number %d node, time elapsed: %ld.%06ld
0 0.152946 

00000004	20150325:07:58:08	INFO	Rank 0 node ends....
00000005	20150325:07:58:08	INFO	Rank 0 takes 0.152946 s to run.

